{"date":"Mon Jan 15 2024 04:51:30 GMT+0700 (Indochina Time)","error":{"diagnosticCodes":[2769]},"exception":true,"level":"error","message":"uncaughtException: ⨯ Unable to compile TypeScript:\n\u001b[96msrc/utils/Email/email.ts\u001b[0m:\u001b[93m22\u001b[0m:\u001b[93m9\u001b[0m - \u001b[91merror\u001b[0m\u001b[90m TS2769: \u001b[0mNo overload matches this call.\r\n  The last overload gave the following error.\r\n    Object literal may only specify known properties, and 'service' does not exist in type 'TransportOptions | Transport<any>'.\r\n\r\n\u001b[7m22\u001b[0m         service: \"Brevo\",\r\n\u001b[7m  \u001b[0m \u001b[91m        ~~~~~~~\u001b[0m\r\n\r\n  \u001b[96mnode_modules/@types/nodemailer/index.d.ts\u001b[0m:\u001b[93m69\u001b[0m:\u001b[93m17\u001b[0m\r\n    \u001b[7m69\u001b[0m export function createTransport<T>(\r\n    \u001b[7m  \u001b[0m \u001b[96m                ~~~~~~~~~~~~~~~\u001b[0m\r\n    The last overload is declared here.\r\n\nTSError: ⨯ Unable to compile TypeScript:\n\u001b[96msrc/utils/Email/email.ts\u001b[0m:\u001b[93m22\u001b[0m:\u001b[93m9\u001b[0m - \u001b[91merror\u001b[0m\u001b[90m TS2769: \u001b[0mNo overload matches this call.\r\n  The last overload gave the following error.\r\n    Object literal may only specify known properties, and 'service' does not exist in type 'TransportOptions | Transport<any>'.\r\n\r\n\u001b[7m22\u001b[0m         service: \"Brevo\",\r\n\u001b[7m  \u001b[0m \u001b[91m        ~~~~~~~\u001b[0m\r\n\r\n  \u001b[96mnode_modules/@types/nodemailer/index.d.ts\u001b[0m:\u001b[93m69\u001b[0m:\u001b[93m17\u001b[0m\r\n    \u001b[7m69\u001b[0m export function createTransport<T>(\r\n    \u001b[7m  \u001b[0m \u001b[96m                ~~~~~~~~~~~~~~~\u001b[0m\r\n    The last overload is declared here.\r\n\n    at createTSError (C:\\Habib Folder\\01 - DW Stage 2\\01 - TAN Store\\TAN-Store-BE\\node_modules\\ts-node\\src\\index.ts:859:12)\n    at reportTSError (C:\\Habib Folder\\01 - DW Stage 2\\01 - TAN Store\\TAN-Store-BE\\node_modules\\ts-node\\src\\index.ts:863:19)\n    at getOutput (C:\\Habib Folder\\01 - DW Stage 2\\01 - TAN Store\\TAN-Store-BE\\node_modules\\ts-node\\src\\index.ts:1077:36)\n    at Object.compile (C:\\Habib Folder\\01 - DW Stage 2\\01 - TAN Store\\TAN-Store-BE\\node_modules\\ts-node\\src\\index.ts:1433:41)\n    at Module.m._compile (C:\\Habib Folder\\01 - DW Stage 2\\01 - TAN Store\\TAN-Store-BE\\node_modules\\ts-node\\src\\index.ts:1617:30)\n    at Module._extensions..js (node:internal/modules/cjs/loader:1435:10)\n    at Object.require.extensions.<computed> [as .ts] (C:\\Habib Folder\\01 - DW Stage 2\\01 - TAN Store\\TAN-Store-BE\\node_modules\\ts-node\\src\\index.ts:1621:12)\n    at Module.load (node:internal/modules/cjs/loader:1207:32)\n    at Function.Module._load (node:internal/modules/cjs/loader:1023:12)\n    at Module.require (node:internal/modules/cjs/loader:1235:19)","os":{"loadavg":[0,0,0],"uptime":42713.562},"process":{"argv":["C:\\Habib Folder\\01 - DW Stage 2\\01 - TAN Store\\TAN-Store-BE\\node_modules\\ts-node\\dist\\bin.js","C:\\Habib Folder\\01 - DW Stage 2\\01 - TAN Store\\TAN-Store-BE\\src\\server.ts"],"cwd":"C:\\Habib Folder\\01 - DW Stage 2\\01 - TAN Store\\TAN-Store-BE","execPath":"C:\\Program Files\\nodejs\\node.exe","gid":null,"memoryUsage":{"arrayBuffers":20606995,"external":23669503,"heapTotal":234459136,"heapUsed":212573256,"rss":281976832},"pid":45616,"uid":null,"version":"v20.10.0"},"stack":"TSError: ⨯ Unable to compile TypeScript:\n\u001b[96msrc/utils/Email/email.ts\u001b[0m:\u001b[93m22\u001b[0m:\u001b[93m9\u001b[0m - \u001b[91merror\u001b[0m\u001b[90m TS2769: \u001b[0mNo overload matches this call.\r\n  The last overload gave the following error.\r\n    Object literal may only specify known properties, and 'service' does not exist in type 'TransportOptions | Transport<any>'.\r\n\r\n\u001b[7m22\u001b[0m         service: \"Brevo\",\r\n\u001b[7m  \u001b[0m \u001b[91m        ~~~~~~~\u001b[0m\r\n\r\n  \u001b[96mnode_modules/@types/nodemailer/index.d.ts\u001b[0m:\u001b[93m69\u001b[0m:\u001b[93m17\u001b[0m\r\n    \u001b[7m69\u001b[0m export function createTransport<T>(\r\n    \u001b[7m  \u001b[0m \u001b[96m                ~~~~~~~~~~~~~~~\u001b[0m\r\n    The last overload is declared here.\r\n\n    at createTSError (C:\\Habib Folder\\01 - DW Stage 2\\01 - TAN Store\\TAN-Store-BE\\node_modules\\ts-node\\src\\index.ts:859:12)\n    at reportTSError (C:\\Habib Folder\\01 - DW Stage 2\\01 - TAN Store\\TAN-Store-BE\\node_modules\\ts-node\\src\\index.ts:863:19)\n    at getOutput (C:\\Habib Folder\\01 - DW Stage 2\\01 - TAN Store\\TAN-Store-BE\\node_modules\\ts-node\\src\\index.ts:1077:36)\n    at Object.compile (C:\\Habib Folder\\01 - DW Stage 2\\01 - TAN Store\\TAN-Store-BE\\node_modules\\ts-node\\src\\index.ts:1433:41)\n    at Module.m._compile (C:\\Habib Folder\\01 - DW Stage 2\\01 - TAN Store\\TAN-Store-BE\\node_modules\\ts-node\\src\\index.ts:1617:30)\n    at Module._extensions..js (node:internal/modules/cjs/loader:1435:10)\n    at Object.require.extensions.<computed> [as .ts] (C:\\Habib Folder\\01 - DW Stage 2\\01 - TAN Store\\TAN-Store-BE\\node_modules\\ts-node\\src\\index.ts:1621:12)\n    at Module.load (node:internal/modules/cjs/loader:1207:32)\n    at Function.Module._load (node:internal/modules/cjs/loader:1023:12)\n    at Module.require (node:internal/modules/cjs/loader:1235:19)","timestamp":"2024-01-15 04:51:30","trace":[{"column":12,"file":"C:\\Habib Folder\\01 - DW Stage 2\\01 - TAN Store\\TAN-Store-BE\\node_modules\\ts-node\\src\\index.ts","function":"createTSError","line":859,"method":null,"native":false},{"column":19,"file":"C:\\Habib Folder\\01 - DW Stage 2\\01 - TAN Store\\TAN-Store-BE\\node_modules\\ts-node\\src\\index.ts","function":"reportTSError","line":863,"method":null,"native":false},{"column":36,"file":"C:\\Habib Folder\\01 - DW Stage 2\\01 - TAN Store\\TAN-Store-BE\\node_modules\\ts-node\\src\\index.ts","function":"getOutput","line":1077,"method":null,"native":false},{"column":41,"file":"C:\\Habib Folder\\01 - DW Stage 2\\01 - TAN Store\\TAN-Store-BE\\node_modules\\ts-node\\src\\index.ts","function":"Object.compile","line":1433,"method":"compile","native":false},{"column":30,"file":"C:\\Habib Folder\\01 - DW Stage 2\\01 - TAN Store\\TAN-Store-BE\\node_modules\\ts-node\\src\\index.ts","function":"Module.m._compile","line":1617,"method":"_compile","native":false},{"column":10,"file":"node:internal/modules/cjs/loader","function":"Module._extensions..js","line":1435,"method":".js","native":false},{"column":12,"file":"C:\\Habib Folder\\01 - DW Stage 2\\01 - TAN Store\\TAN-Store-BE\\node_modules\\ts-node\\src\\index.ts","function":"Object.require.extensions.<computed> [as .ts]","line":1621,"method":"ts]","native":false},{"column":32,"file":"node:internal/modules/cjs/loader","function":"Module.load","line":1207,"method":"load","native":false},{"column":12,"file":"node:internal/modules/cjs/loader","function":"Module._load","line":1023,"method":"_load","native":false},{"column":19,"file":"node:internal/modules/cjs/loader","function":"Module.require","line":1235,"method":"require","native":false}]}
{"date":"Mon Jan 15 2024 04:52:49 GMT+0700 (Indochina Time)","error":{"diagnosticCodes":[2769]},"exception":true,"level":"error","message":"uncaughtException: ⨯ Unable to compile TypeScript:\n\u001b[96msrc/utils/Email/email.ts\u001b[0m:\u001b[93m22\u001b[0m:\u001b[93m9\u001b[0m - \u001b[91merror\u001b[0m\u001b[90m TS2769: \u001b[0mNo overload matches this call.\r\n  The last overload gave the following error.\r\n    Object literal may only specify known properties, and 'secure' does not exist in type 'TransportOptions | Transport<any>'.\r\n\r\n\u001b[7m22\u001b[0m         secure: true,\r\n\u001b[7m  \u001b[0m \u001b[91m        ~~~~~~\u001b[0m\r\n\r\n  \u001b[96mnode_modules/@types/nodemailer/index.d.ts\u001b[0m:\u001b[93m69\u001b[0m:\u001b[93m17\u001b[0m\r\n    \u001b[7m69\u001b[0m export function createTransport<T>(\r\n    \u001b[7m  \u001b[0m \u001b[96m                ~~~~~~~~~~~~~~~\u001b[0m\r\n    The last overload is declared here.\r\n\nTSError: ⨯ Unable to compile TypeScript:\n\u001b[96msrc/utils/Email/email.ts\u001b[0m:\u001b[93m22\u001b[0m:\u001b[93m9\u001b[0m - \u001b[91merror\u001b[0m\u001b[90m TS2769: \u001b[0mNo overload matches this call.\r\n  The last overload gave the following error.\r\n    Object literal may only specify known properties, and 'secure' does not exist in type 'TransportOptions | Transport<any>'.\r\n\r\n\u001b[7m22\u001b[0m         secure: true,\r\n\u001b[7m  \u001b[0m \u001b[91m        ~~~~~~\u001b[0m\r\n\r\n  \u001b[96mnode_modules/@types/nodemailer/index.d.ts\u001b[0m:\u001b[93m69\u001b[0m:\u001b[93m17\u001b[0m\r\n    \u001b[7m69\u001b[0m export function createTransport<T>(\r\n    \u001b[7m  \u001b[0m \u001b[96m                ~~~~~~~~~~~~~~~\u001b[0m\r\n    The last overload is declared here.\r\n\n    at createTSError (C:\\Habib Folder\\01 - DW Stage 2\\01 - TAN Store\\TAN-Store-BE\\node_modules\\ts-node\\src\\index.ts:859:12)\n    at reportTSError (C:\\Habib Folder\\01 - DW Stage 2\\01 - TAN Store\\TAN-Store-BE\\node_modules\\ts-node\\src\\index.ts:863:19)\n    at getOutput (C:\\Habib Folder\\01 - DW Stage 2\\01 - TAN Store\\TAN-Store-BE\\node_modules\\ts-node\\src\\index.ts:1077:36)\n    at Object.compile (C:\\Habib Folder\\01 - DW Stage 2\\01 - TAN Store\\TAN-Store-BE\\node_modules\\ts-node\\src\\index.ts:1433:41)\n    at Module.m._compile (C:\\Habib Folder\\01 - DW Stage 2\\01 - TAN Store\\TAN-Store-BE\\node_modules\\ts-node\\src\\index.ts:1617:30)\n    at Module._extensions..js (node:internal/modules/cjs/loader:1435:10)\n    at Object.require.extensions.<computed> [as .ts] (C:\\Habib Folder\\01 - DW Stage 2\\01 - TAN Store\\TAN-Store-BE\\node_modules\\ts-node\\src\\index.ts:1621:12)\n    at Module.load (node:internal/modules/cjs/loader:1207:32)\n    at Function.Module._load (node:internal/modules/cjs/loader:1023:12)\n    at Module.require (node:internal/modules/cjs/loader:1235:19)","os":{"loadavg":[0,0,0],"uptime":42791.875},"process":{"argv":["C:\\Habib Folder\\01 - DW Stage 2\\01 - TAN Store\\TAN-Store-BE\\node_modules\\ts-node\\dist\\bin.js","C:\\Habib Folder\\01 - DW Stage 2\\01 - TAN Store\\TAN-Store-BE\\src\\server.ts"],"cwd":"C:\\Habib Folder\\01 - DW Stage 2\\01 - TAN Store\\TAN-Store-BE","execPath":"C:\\Program Files\\nodejs\\node.exe","gid":null,"memoryUsage":{"arrayBuffers":20607019,"external":23682368,"heapTotal":236032000,"heapUsed":208535160,"rss":286867456},"pid":20684,"uid":null,"version":"v20.10.0"},"stack":"TSError: ⨯ Unable to compile TypeScript:\n\u001b[96msrc/utils/Email/email.ts\u001b[0m:\u001b[93m22\u001b[0m:\u001b[93m9\u001b[0m - \u001b[91merror\u001b[0m\u001b[90m TS2769: \u001b[0mNo overload matches this call.\r\n  The last overload gave the following error.\r\n    Object literal may only specify known properties, and 'secure' does not exist in type 'TransportOptions | Transport<any>'.\r\n\r\n\u001b[7m22\u001b[0m         secure: true,\r\n\u001b[7m  \u001b[0m \u001b[91m        ~~~~~~\u001b[0m\r\n\r\n  \u001b[96mnode_modules/@types/nodemailer/index.d.ts\u001b[0m:\u001b[93m69\u001b[0m:\u001b[93m17\u001b[0m\r\n    \u001b[7m69\u001b[0m export function createTransport<T>(\r\n    \u001b[7m  \u001b[0m \u001b[96m                ~~~~~~~~~~~~~~~\u001b[0m\r\n    The last overload is declared here.\r\n\n    at createTSError (C:\\Habib Folder\\01 - DW Stage 2\\01 - TAN Store\\TAN-Store-BE\\node_modules\\ts-node\\src\\index.ts:859:12)\n    at reportTSError (C:\\Habib Folder\\01 - DW Stage 2\\01 - TAN Store\\TAN-Store-BE\\node_modules\\ts-node\\src\\index.ts:863:19)\n    at getOutput (C:\\Habib Folder\\01 - DW Stage 2\\01 - TAN Store\\TAN-Store-BE\\node_modules\\ts-node\\src\\index.ts:1077:36)\n    at Object.compile (C:\\Habib Folder\\01 - DW Stage 2\\01 - TAN Store\\TAN-Store-BE\\node_modules\\ts-node\\src\\index.ts:1433:41)\n    at Module.m._compile (C:\\Habib Folder\\01 - DW Stage 2\\01 - TAN Store\\TAN-Store-BE\\node_modules\\ts-node\\src\\index.ts:1617:30)\n    at Module._extensions..js (node:internal/modules/cjs/loader:1435:10)\n    at Object.require.extensions.<computed> [as .ts] (C:\\Habib Folder\\01 - DW Stage 2\\01 - TAN Store\\TAN-Store-BE\\node_modules\\ts-node\\src\\index.ts:1621:12)\n    at Module.load (node:internal/modules/cjs/loader:1207:32)\n    at Function.Module._load (node:internal/modules/cjs/loader:1023:12)\n    at Module.require (node:internal/modules/cjs/loader:1235:19)","timestamp":"2024-01-15 04:52:49","trace":[{"column":12,"file":"C:\\Habib Folder\\01 - DW Stage 2\\01 - TAN Store\\TAN-Store-BE\\node_modules\\ts-node\\src\\index.ts","function":"createTSError","line":859,"method":null,"native":false},{"column":19,"file":"C:\\Habib Folder\\01 - DW Stage 2\\01 - TAN Store\\TAN-Store-BE\\node_modules\\ts-node\\src\\index.ts","function":"reportTSError","line":863,"method":null,"native":false},{"column":36,"file":"C:\\Habib Folder\\01 - DW Stage 2\\01 - TAN Store\\TAN-Store-BE\\node_modules\\ts-node\\src\\index.ts","function":"getOutput","line":1077,"method":null,"native":false},{"column":41,"file":"C:\\Habib Folder\\01 - DW Stage 2\\01 - TAN Store\\TAN-Store-BE\\node_modules\\ts-node\\src\\index.ts","function":"Object.compile","line":1433,"method":"compile","native":false},{"column":30,"file":"C:\\Habib Folder\\01 - DW Stage 2\\01 - TAN Store\\TAN-Store-BE\\node_modules\\ts-node\\src\\index.ts","function":"Module.m._compile","line":1617,"method":"_compile","native":false},{"column":10,"file":"node:internal/modules/cjs/loader","function":"Module._extensions..js","line":1435,"method":".js","native":false},{"column":12,"file":"C:\\Habib Folder\\01 - DW Stage 2\\01 - TAN Store\\TAN-Store-BE\\node_modules\\ts-node\\src\\index.ts","function":"Object.require.extensions.<computed> [as .ts]","line":1621,"method":"ts]","native":false},{"column":32,"file":"node:internal/modules/cjs/loader","function":"Module.load","line":1207,"method":"load","native":false},{"column":12,"file":"node:internal/modules/cjs/loader","function":"Module._load","line":1023,"method":"_load","native":false},{"column":19,"file":"node:internal/modules/cjs/loader","function":"Module.require","line":1235,"method":"require","native":false}]}
{"date":"Mon Jan 15 2024 05:01:47 GMT+0700 (Indochina Time)","error":{"diagnosticCodes":[2564]},"exception":true,"level":"error","message":"uncaughtException: ⨯ Unable to compile TypeScript:\n\u001b[96msrc/utils/Email/email.ts\u001b[0m:\u001b[93m10\u001b[0m:\u001b[93m3\u001b[0m - \u001b[91merror\u001b[0m\u001b[90m TS2564: \u001b[0mProperty 'url' has no initializer and is not definitely assigned in the constructor.\r\n\r\n\u001b[7m10\u001b[0m   url: string;\r\n\u001b[7m  \u001b[0m \u001b[91m  ~~~\u001b[0m\r\n\nTSError: ⨯ Unable to compile TypeScript:\n\u001b[96msrc/utils/Email/email.ts\u001b[0m:\u001b[93m10\u001b[0m:\u001b[93m3\u001b[0m - \u001b[91merror\u001b[0m\u001b[90m TS2564: \u001b[0mProperty 'url' has no initializer and is not definitely assigned in the constructor.\r\n\r\n\u001b[7m10\u001b[0m   url: string;\r\n\u001b[7m  \u001b[0m \u001b[91m  ~~~\u001b[0m\r\n\n    at createTSError (C:\\Habib Folder\\01 - DW Stage 2\\01 - TAN Store\\TAN-Store-BE\\node_modules\\ts-node\\src\\index.ts:859:12)\n    at reportTSError (C:\\Habib Folder\\01 - DW Stage 2\\01 - TAN Store\\TAN-Store-BE\\node_modules\\ts-node\\src\\index.ts:863:19)\n    at getOutput (C:\\Habib Folder\\01 - DW Stage 2\\01 - TAN Store\\TAN-Store-BE\\node_modules\\ts-node\\src\\index.ts:1077:36)\n    at Object.compile (C:\\Habib Folder\\01 - DW Stage 2\\01 - TAN Store\\TAN-Store-BE\\node_modules\\ts-node\\src\\index.ts:1433:41)\n    at Module.m._compile (C:\\Habib Folder\\01 - DW Stage 2\\01 - TAN Store\\TAN-Store-BE\\node_modules\\ts-node\\src\\index.ts:1617:30)\n    at Module._extensions..js (node:internal/modules/cjs/loader:1435:10)\n    at Object.require.extensions.<computed> [as .ts] (C:\\Habib Folder\\01 - DW Stage 2\\01 - TAN Store\\TAN-Store-BE\\node_modules\\ts-node\\src\\index.ts:1621:12)\n    at Module.load (node:internal/modules/cjs/loader:1207:32)\n    at Function.Module._load (node:internal/modules/cjs/loader:1023:12)\n    at Module.require (node:internal/modules/cjs/loader:1235:19)","os":{"loadavg":[0,0,0],"uptime":43330.234},"process":{"argv":["C:\\Habib Folder\\01 - DW Stage 2\\01 - TAN Store\\TAN-Store-BE\\node_modules\\ts-node\\dist\\bin.js","C:\\Habib Folder\\01 - DW Stage 2\\01 - TAN Store\\TAN-Store-BE\\src\\server.ts"],"cwd":"C:\\Habib Folder\\01 - DW Stage 2\\01 - TAN Store\\TAN-Store-BE","execPath":"C:\\Program Files\\nodejs\\node.exe","gid":null,"memoryUsage":{"arrayBuffers":20607195,"external":23682544,"heapTotal":234983424,"heapUsed":205166256,"rss":280793088},"pid":32568,"uid":null,"version":"v20.10.0"},"stack":"TSError: ⨯ Unable to compile TypeScript:\n\u001b[96msrc/utils/Email/email.ts\u001b[0m:\u001b[93m10\u001b[0m:\u001b[93m3\u001b[0m - \u001b[91merror\u001b[0m\u001b[90m TS2564: \u001b[0mProperty 'url' has no initializer and is not definitely assigned in the constructor.\r\n\r\n\u001b[7m10\u001b[0m   url: string;\r\n\u001b[7m  \u001b[0m \u001b[91m  ~~~\u001b[0m\r\n\n    at createTSError (C:\\Habib Folder\\01 - DW Stage 2\\01 - TAN Store\\TAN-Store-BE\\node_modules\\ts-node\\src\\index.ts:859:12)\n    at reportTSError (C:\\Habib Folder\\01 - DW Stage 2\\01 - TAN Store\\TAN-Store-BE\\node_modules\\ts-node\\src\\index.ts:863:19)\n    at getOutput (C:\\Habib Folder\\01 - DW Stage 2\\01 - TAN Store\\TAN-Store-BE\\node_modules\\ts-node\\src\\index.ts:1077:36)\n    at Object.compile (C:\\Habib Folder\\01 - DW Stage 2\\01 - TAN Store\\TAN-Store-BE\\node_modules\\ts-node\\src\\index.ts:1433:41)\n    at Module.m._compile (C:\\Habib Folder\\01 - DW Stage 2\\01 - TAN Store\\TAN-Store-BE\\node_modules\\ts-node\\src\\index.ts:1617:30)\n    at Module._extensions..js (node:internal/modules/cjs/loader:1435:10)\n    at Object.require.extensions.<computed> [as .ts] (C:\\Habib Folder\\01 - DW Stage 2\\01 - TAN Store\\TAN-Store-BE\\node_modules\\ts-node\\src\\index.ts:1621:12)\n    at Module.load (node:internal/modules/cjs/loader:1207:32)\n    at Function.Module._load (node:internal/modules/cjs/loader:1023:12)\n    at Module.require (node:internal/modules/cjs/loader:1235:19)","timestamp":"2024-01-15 05:01:47","trace":[{"column":12,"file":"C:\\Habib Folder\\01 - DW Stage 2\\01 - TAN Store\\TAN-Store-BE\\node_modules\\ts-node\\src\\index.ts","function":"createTSError","line":859,"method":null,"native":false},{"column":19,"file":"C:\\Habib Folder\\01 - DW Stage 2\\01 - TAN Store\\TAN-Store-BE\\node_modules\\ts-node\\src\\index.ts","function":"reportTSError","line":863,"method":null,"native":false},{"column":36,"file":"C:\\Habib Folder\\01 - DW Stage 2\\01 - TAN Store\\TAN-Store-BE\\node_modules\\ts-node\\src\\index.ts","function":"getOutput","line":1077,"method":null,"native":false},{"column":41,"file":"C:\\Habib Folder\\01 - DW Stage 2\\01 - TAN Store\\TAN-Store-BE\\node_modules\\ts-node\\src\\index.ts","function":"Object.compile","line":1433,"method":"compile","native":false},{"column":30,"file":"C:\\Habib Folder\\01 - DW Stage 2\\01 - TAN Store\\TAN-Store-BE\\node_modules\\ts-node\\src\\index.ts","function":"Module.m._compile","line":1617,"method":"_compile","native":false},{"column":10,"file":"node:internal/modules/cjs/loader","function":"Module._extensions..js","line":1435,"method":".js","native":false},{"column":12,"file":"C:\\Habib Folder\\01 - DW Stage 2\\01 - TAN Store\\TAN-Store-BE\\node_modules\\ts-node\\src\\index.ts","function":"Object.require.extensions.<computed> [as .ts]","line":1621,"method":"ts]","native":false},{"column":32,"file":"node:internal/modules/cjs/loader","function":"Module.load","line":1207,"method":"load","native":false},{"column":12,"file":"node:internal/modules/cjs/loader","function":"Module._load","line":1023,"method":"_load","native":false},{"column":19,"file":"node:internal/modules/cjs/loader","function":"Module.require","line":1235,"method":"require","native":false}]}
{"date":"Mon Jan 15 2024 05:02:26 GMT+0700 (Indochina Time)","error":{"diagnosticCodes":[2769]},"exception":true,"level":"error","message":"uncaughtException: ⨯ Unable to compile TypeScript:\n\u001b[96msrc/utils/Email/email.ts\u001b[0m:\u001b[93m23\u001b[0m:\u001b[93m9\u001b[0m - \u001b[91merror\u001b[0m\u001b[90m TS2769: \u001b[0mNo overload matches this call.\r\n  The last overload gave the following error.\r\n    Object literal may only specify known properties, and 'host' does not exist in type 'TransportOptions | Transport<any>'.\r\n\r\n\u001b[7m23\u001b[0m         host: process.env.PROD_EMAIL_BREVO_HOST,\r\n\u001b[7m  \u001b[0m \u001b[91m        ~~~~\u001b[0m\r\n\r\n  \u001b[96mnode_modules/@types/nodemailer/index.d.ts\u001b[0m:\u001b[93m69\u001b[0m:\u001b[93m17\u001b[0m\r\n    \u001b[7m69\u001b[0m export function createTransport<T>(\r\n    \u001b[7m  \u001b[0m \u001b[96m                ~~~~~~~~~~~~~~~\u001b[0m\r\n    The last overload is declared here.\r\n\nTSError: ⨯ Unable to compile TypeScript:\n\u001b[96msrc/utils/Email/email.ts\u001b[0m:\u001b[93m23\u001b[0m:\u001b[93m9\u001b[0m - \u001b[91merror\u001b[0m\u001b[90m TS2769: \u001b[0mNo overload matches this call.\r\n  The last overload gave the following error.\r\n    Object literal may only specify known properties, and 'host' does not exist in type 'TransportOptions | Transport<any>'.\r\n\r\n\u001b[7m23\u001b[0m         host: process.env.PROD_EMAIL_BREVO_HOST,\r\n\u001b[7m  \u001b[0m \u001b[91m        ~~~~\u001b[0m\r\n\r\n  \u001b[96mnode_modules/@types/nodemailer/index.d.ts\u001b[0m:\u001b[93m69\u001b[0m:\u001b[93m17\u001b[0m\r\n    \u001b[7m69\u001b[0m export function createTransport<T>(\r\n    \u001b[7m  \u001b[0m \u001b[96m                ~~~~~~~~~~~~~~~\u001b[0m\r\n    The last overload is declared here.\r\n\n    at createTSError (C:\\Habib Folder\\01 - DW Stage 2\\01 - TAN Store\\TAN-Store-BE\\node_modules\\ts-node\\src\\index.ts:859:12)\n    at reportTSError (C:\\Habib Folder\\01 - DW Stage 2\\01 - TAN Store\\TAN-Store-BE\\node_modules\\ts-node\\src\\index.ts:863:19)\n    at getOutput (C:\\Habib Folder\\01 - DW Stage 2\\01 - TAN Store\\TAN-Store-BE\\node_modules\\ts-node\\src\\index.ts:1077:36)\n    at Object.compile (C:\\Habib Folder\\01 - DW Stage 2\\01 - TAN Store\\TAN-Store-BE\\node_modules\\ts-node\\src\\index.ts:1433:41)\n    at Module.m._compile (C:\\Habib Folder\\01 - DW Stage 2\\01 - TAN Store\\TAN-Store-BE\\node_modules\\ts-node\\src\\index.ts:1617:30)\n    at Module._extensions..js (node:internal/modules/cjs/loader:1435:10)\n    at Object.require.extensions.<computed> [as .ts] (C:\\Habib Folder\\01 - DW Stage 2\\01 - TAN Store\\TAN-Store-BE\\node_modules\\ts-node\\src\\index.ts:1621:12)\n    at Module.load (node:internal/modules/cjs/loader:1207:32)\n    at Function.Module._load (node:internal/modules/cjs/loader:1023:12)\n    at Module.require (node:internal/modules/cjs/loader:1235:19)","os":{"loadavg":[0,0,0],"uptime":43369.218},"process":{"argv":["C:\\Habib Folder\\01 - DW Stage 2\\01 - TAN Store\\TAN-Store-BE\\node_modules\\ts-node\\dist\\bin.js","C:\\Habib Folder\\01 - DW Stage 2\\01 - TAN Store\\TAN-Store-BE\\src\\server.ts"],"cwd":"C:\\Habib Folder\\01 - DW Stage 2\\01 - TAN Store\\TAN-Store-BE","execPath":"C:\\Program Files\\nodejs\\node.exe","gid":null,"memoryUsage":{"arrayBuffers":20607139,"external":23669647,"heapTotal":234721280,"heapUsed":211203760,"rss":286543872},"pid":46872,"uid":null,"version":"v20.10.0"},"stack":"TSError: ⨯ Unable to compile TypeScript:\n\u001b[96msrc/utils/Email/email.ts\u001b[0m:\u001b[93m23\u001b[0m:\u001b[93m9\u001b[0m - \u001b[91merror\u001b[0m\u001b[90m TS2769: \u001b[0mNo overload matches this call.\r\n  The last overload gave the following error.\r\n    Object literal may only specify known properties, and 'host' does not exist in type 'TransportOptions | Transport<any>'.\r\n\r\n\u001b[7m23\u001b[0m         host: process.env.PROD_EMAIL_BREVO_HOST,\r\n\u001b[7m  \u001b[0m \u001b[91m        ~~~~\u001b[0m\r\n\r\n  \u001b[96mnode_modules/@types/nodemailer/index.d.ts\u001b[0m:\u001b[93m69\u001b[0m:\u001b[93m17\u001b[0m\r\n    \u001b[7m69\u001b[0m export function createTransport<T>(\r\n    \u001b[7m  \u001b[0m \u001b[96m                ~~~~~~~~~~~~~~~\u001b[0m\r\n    The last overload is declared here.\r\n\n    at createTSError (C:\\Habib Folder\\01 - DW Stage 2\\01 - TAN Store\\TAN-Store-BE\\node_modules\\ts-node\\src\\index.ts:859:12)\n    at reportTSError (C:\\Habib Folder\\01 - DW Stage 2\\01 - TAN Store\\TAN-Store-BE\\node_modules\\ts-node\\src\\index.ts:863:19)\n    at getOutput (C:\\Habib Folder\\01 - DW Stage 2\\01 - TAN Store\\TAN-Store-BE\\node_modules\\ts-node\\src\\index.ts:1077:36)\n    at Object.compile (C:\\Habib Folder\\01 - DW Stage 2\\01 - TAN Store\\TAN-Store-BE\\node_modules\\ts-node\\src\\index.ts:1433:41)\n    at Module.m._compile (C:\\Habib Folder\\01 - DW Stage 2\\01 - TAN Store\\TAN-Store-BE\\node_modules\\ts-node\\src\\index.ts:1617:30)\n    at Module._extensions..js (node:internal/modules/cjs/loader:1435:10)\n    at Object.require.extensions.<computed> [as .ts] (C:\\Habib Folder\\01 - DW Stage 2\\01 - TAN Store\\TAN-Store-BE\\node_modules\\ts-node\\src\\index.ts:1621:12)\n    at Module.load (node:internal/modules/cjs/loader:1207:32)\n    at Function.Module._load (node:internal/modules/cjs/loader:1023:12)\n    at Module.require (node:internal/modules/cjs/loader:1235:19)","timestamp":"2024-01-15 05:02:26","trace":[{"column":12,"file":"C:\\Habib Folder\\01 - DW Stage 2\\01 - TAN Store\\TAN-Store-BE\\node_modules\\ts-node\\src\\index.ts","function":"createTSError","line":859,"method":null,"native":false},{"column":19,"file":"C:\\Habib Folder\\01 - DW Stage 2\\01 - TAN Store\\TAN-Store-BE\\node_modules\\ts-node\\src\\index.ts","function":"reportTSError","line":863,"method":null,"native":false},{"column":36,"file":"C:\\Habib Folder\\01 - DW Stage 2\\01 - TAN Store\\TAN-Store-BE\\node_modules\\ts-node\\src\\index.ts","function":"getOutput","line":1077,"method":null,"native":false},{"column":41,"file":"C:\\Habib Folder\\01 - DW Stage 2\\01 - TAN Store\\TAN-Store-BE\\node_modules\\ts-node\\src\\index.ts","function":"Object.compile","line":1433,"method":"compile","native":false},{"column":30,"file":"C:\\Habib Folder\\01 - DW Stage 2\\01 - TAN Store\\TAN-Store-BE\\node_modules\\ts-node\\src\\index.ts","function":"Module.m._compile","line":1617,"method":"_compile","native":false},{"column":10,"file":"node:internal/modules/cjs/loader","function":"Module._extensions..js","line":1435,"method":".js","native":false},{"column":12,"file":"C:\\Habib Folder\\01 - DW Stage 2\\01 - TAN Store\\TAN-Store-BE\\node_modules\\ts-node\\src\\index.ts","function":"Object.require.extensions.<computed> [as .ts]","line":1621,"method":"ts]","native":false},{"column":32,"file":"node:internal/modules/cjs/loader","function":"Module.load","line":1207,"method":"load","native":false},{"column":12,"file":"node:internal/modules/cjs/loader","function":"Module._load","line":1023,"method":"_load","native":false},{"column":19,"file":"node:internal/modules/cjs/loader","function":"Module.require","line":1235,"method":"require","native":false}]}
{"date":"Mon Jan 15 2024 05:03:03 GMT+0700 (Indochina Time)","error":{"diagnosticCodes":[2769]},"exception":true,"level":"error","message":"uncaughtException: ⨯ Unable to compile TypeScript:\n\u001b[96msrc/utils/Email/email.ts\u001b[0m:\u001b[93m23\u001b[0m:\u001b[93m9\u001b[0m - \u001b[91merror\u001b[0m\u001b[90m TS2769: \u001b[0mNo overload matches this call.\r\n  The last overload gave the following error.\r\n    Object literal may only specify known properties, and 'host' does not exist in type 'TransportOptions | Transport<any>'.\r\n\r\n\u001b[7m23\u001b[0m         host: process.env.PROD_EMAIL_BREVO_HOST,\r\n\u001b[7m  \u001b[0m \u001b[91m        ~~~~\u001b[0m\r\n\r\n  \u001b[96mnode_modules/@types/nodemailer/index.d.ts\u001b[0m:\u001b[93m69\u001b[0m:\u001b[93m17\u001b[0m\r\n    \u001b[7m69\u001b[0m export function createTransport<T>(\r\n    \u001b[7m  \u001b[0m \u001b[96m                ~~~~~~~~~~~~~~~\u001b[0m\r\n    The last overload is declared here.\r\n\nTSError: ⨯ Unable to compile TypeScript:\n\u001b[96msrc/utils/Email/email.ts\u001b[0m:\u001b[93m23\u001b[0m:\u001b[93m9\u001b[0m - \u001b[91merror\u001b[0m\u001b[90m TS2769: \u001b[0mNo overload matches this call.\r\n  The last overload gave the following error.\r\n    Object literal may only specify known properties, and 'host' does not exist in type 'TransportOptions | Transport<any>'.\r\n\r\n\u001b[7m23\u001b[0m         host: process.env.PROD_EMAIL_BREVO_HOST,\r\n\u001b[7m  \u001b[0m \u001b[91m        ~~~~\u001b[0m\r\n\r\n  \u001b[96mnode_modules/@types/nodemailer/index.d.ts\u001b[0m:\u001b[93m69\u001b[0m:\u001b[93m17\u001b[0m\r\n    \u001b[7m69\u001b[0m export function createTransport<T>(\r\n    \u001b[7m  \u001b[0m \u001b[96m                ~~~~~~~~~~~~~~~\u001b[0m\r\n    The last overload is declared here.\r\n\n    at createTSError (C:\\Habib Folder\\01 - DW Stage 2\\01 - TAN Store\\TAN-Store-BE\\node_modules\\ts-node\\src\\index.ts:859:12)\n    at reportTSError (C:\\Habib Folder\\01 - DW Stage 2\\01 - TAN Store\\TAN-Store-BE\\node_modules\\ts-node\\src\\index.ts:863:19)\n    at getOutput (C:\\Habib Folder\\01 - DW Stage 2\\01 - TAN Store\\TAN-Store-BE\\node_modules\\ts-node\\src\\index.ts:1077:36)\n    at Object.compile (C:\\Habib Folder\\01 - DW Stage 2\\01 - TAN Store\\TAN-Store-BE\\node_modules\\ts-node\\src\\index.ts:1433:41)\n    at Module.m._compile (C:\\Habib Folder\\01 - DW Stage 2\\01 - TAN Store\\TAN-Store-BE\\node_modules\\ts-node\\src\\index.ts:1617:30)\n    at Module._extensions..js (node:internal/modules/cjs/loader:1435:10)\n    at Object.require.extensions.<computed> [as .ts] (C:\\Habib Folder\\01 - DW Stage 2\\01 - TAN Store\\TAN-Store-BE\\node_modules\\ts-node\\src\\index.ts:1621:12)\n    at Module.load (node:internal/modules/cjs/loader:1207:32)\n    at Function.Module._load (node:internal/modules/cjs/loader:1023:12)\n    at Module.require (node:internal/modules/cjs/loader:1235:19)","os":{"loadavg":[0,0,0],"uptime":43406.484},"process":{"argv":["C:\\Habib Folder\\01 - DW Stage 2\\01 - TAN Store\\TAN-Store-BE\\node_modules\\ts-node\\dist\\bin.js","C:\\Habib Folder\\01 - DW Stage 2\\01 - TAN Store\\TAN-Store-BE\\src\\server.ts"],"cwd":"C:\\Habib Folder\\01 - DW Stage 2\\01 - TAN Store\\TAN-Store-BE","execPath":"C:\\Program Files\\nodejs\\node.exe","gid":null,"memoryUsage":{"arrayBuffers":20607179,"external":23669687,"heapTotal":234983424,"heapUsed":211822280,"rss":287838208},"pid":25488,"uid":null,"version":"v20.10.0"},"stack":"TSError: ⨯ Unable to compile TypeScript:\n\u001b[96msrc/utils/Email/email.ts\u001b[0m:\u001b[93m23\u001b[0m:\u001b[93m9\u001b[0m - \u001b[91merror\u001b[0m\u001b[90m TS2769: \u001b[0mNo overload matches this call.\r\n  The last overload gave the following error.\r\n    Object literal may only specify known properties, and 'host' does not exist in type 'TransportOptions | Transport<any>'.\r\n\r\n\u001b[7m23\u001b[0m         host: process.env.PROD_EMAIL_BREVO_HOST,\r\n\u001b[7m  \u001b[0m \u001b[91m        ~~~~\u001b[0m\r\n\r\n  \u001b[96mnode_modules/@types/nodemailer/index.d.ts\u001b[0m:\u001b[93m69\u001b[0m:\u001b[93m17\u001b[0m\r\n    \u001b[7m69\u001b[0m export function createTransport<T>(\r\n    \u001b[7m  \u001b[0m \u001b[96m                ~~~~~~~~~~~~~~~\u001b[0m\r\n    The last overload is declared here.\r\n\n    at createTSError (C:\\Habib Folder\\01 - DW Stage 2\\01 - TAN Store\\TAN-Store-BE\\node_modules\\ts-node\\src\\index.ts:859:12)\n    at reportTSError (C:\\Habib Folder\\01 - DW Stage 2\\01 - TAN Store\\TAN-Store-BE\\node_modules\\ts-node\\src\\index.ts:863:19)\n    at getOutput (C:\\Habib Folder\\01 - DW Stage 2\\01 - TAN Store\\TAN-Store-BE\\node_modules\\ts-node\\src\\index.ts:1077:36)\n    at Object.compile (C:\\Habib Folder\\01 - DW Stage 2\\01 - TAN Store\\TAN-Store-BE\\node_modules\\ts-node\\src\\index.ts:1433:41)\n    at Module.m._compile (C:\\Habib Folder\\01 - DW Stage 2\\01 - TAN Store\\TAN-Store-BE\\node_modules\\ts-node\\src\\index.ts:1617:30)\n    at Module._extensions..js (node:internal/modules/cjs/loader:1435:10)\n    at Object.require.extensions.<computed> [as .ts] (C:\\Habib Folder\\01 - DW Stage 2\\01 - TAN Store\\TAN-Store-BE\\node_modules\\ts-node\\src\\index.ts:1621:12)\n    at Module.load (node:internal/modules/cjs/loader:1207:32)\n    at Function.Module._load (node:internal/modules/cjs/loader:1023:12)\n    at Module.require (node:internal/modules/cjs/loader:1235:19)","timestamp":"2024-01-15 05:03:03","trace":[{"column":12,"file":"C:\\Habib Folder\\01 - DW Stage 2\\01 - TAN Store\\TAN-Store-BE\\node_modules\\ts-node\\src\\index.ts","function":"createTSError","line":859,"method":null,"native":false},{"column":19,"file":"C:\\Habib Folder\\01 - DW Stage 2\\01 - TAN Store\\TAN-Store-BE\\node_modules\\ts-node\\src\\index.ts","function":"reportTSError","line":863,"method":null,"native":false},{"column":36,"file":"C:\\Habib Folder\\01 - DW Stage 2\\01 - TAN Store\\TAN-Store-BE\\node_modules\\ts-node\\src\\index.ts","function":"getOutput","line":1077,"method":null,"native":false},{"column":41,"file":"C:\\Habib Folder\\01 - DW Stage 2\\01 - TAN Store\\TAN-Store-BE\\node_modules\\ts-node\\src\\index.ts","function":"Object.compile","line":1433,"method":"compile","native":false},{"column":30,"file":"C:\\Habib Folder\\01 - DW Stage 2\\01 - TAN Store\\TAN-Store-BE\\node_modules\\ts-node\\src\\index.ts","function":"Module.m._compile","line":1617,"method":"_compile","native":false},{"column":10,"file":"node:internal/modules/cjs/loader","function":"Module._extensions..js","line":1435,"method":".js","native":false},{"column":12,"file":"C:\\Habib Folder\\01 - DW Stage 2\\01 - TAN Store\\TAN-Store-BE\\node_modules\\ts-node\\src\\index.ts","function":"Object.require.extensions.<computed> [as .ts]","line":1621,"method":"ts]","native":false},{"column":32,"file":"node:internal/modules/cjs/loader","function":"Module.load","line":1207,"method":"load","native":false},{"column":12,"file":"node:internal/modules/cjs/loader","function":"Module._load","line":1023,"method":"_load","native":false},{"column":19,"file":"node:internal/modules/cjs/loader","function":"Module.require","line":1235,"method":"require","native":false}]}
